<?xml version="1.0" encoding="UTF-8"?>
<!-- Generated by org.testng.reporters.JUnitXMLReporter -->
<testsuite ignored="0" hostname="Saravanan" failures="0" tests="2" name="BasePremium Test" time="27.945" errors="0" timestamp="2026-03-03T16:47:57 IST">
  <testcase classname="com.ditto.tests.HealthInsurancePremiumCalculationTest" name="validatePremiumCalculationTest" time="13.005">
    <skipped/>
  </testcase> <!-- validatePremiumCalculationTest -->
  <testcase classname="com.ditto.tests.HealthInsurancePremiumCalculationTest" name="validatePremiumCalculationTest" time="14.696"/>
</testsuite> <!-- BasePremium Test -->
