<?xml version="1.0" encoding="UTF-8"?>
<testng-results ignored="0" total="1" passed="1" failed="0" skipped="0">
  <reporter-output>
  </reporter-output>
  <suite started-at="2026-03-03T18:26:17 IST" name="Default suite" finished-at="2026-03-03T18:26:36 IST" duration-ms="18482">
    <groups>
    </groups>
    <test started-at="2026-03-03T18:26:17 IST" name="Default test" finished-at="2026-03-03T18:26:36 IST" duration-ms="18482">
      <class name="com.ditto.tests.HealthInsurancePremiumCalculationTest">
        <test-method is-config="true" signature="setUp()[pri:0, instance:com.ditto.tests.HealthInsurancePremiumCalculationTest@71d44a3]" started-at="2026-03-03T18:26:18 IST" name="setUp" finished-at="2026-03-03T18:26:20 IST" duration-ms="2553" status="PASS">
          <reporter-output>
          </reporter-output>
        </test-method> <!-- setUp -->
        <test-method signature="validatePremiumCalculationTest()[pri:0, instance:com.ditto.tests.HealthInsurancePremiumCalculationTest@71d44a3]" started-at="2026-03-03T18:26:20 IST" name="validatePremiumCalculationTest" description="Validating the Premium amount after adding the Add-Ons" finished-at="2026-03-03T18:26:35 IST" duration-ms="14921" status="PASS">
          <reporter-output>
          </reporter-output>
        </test-method> <!-- validatePremiumCalculationTest -->
        <test-method is-config="true" signature="tearDown()[pri:0, instance:com.ditto.tests.HealthInsurancePremiumCalculationTest@71d44a3]" started-at="2026-03-03T18:26:35 IST" name="tearDown" finished-at="2026-03-03T18:26:36 IST" duration-ms="361" status="PASS">
          <reporter-output>
          </reporter-output>
        </test-method> <!-- tearDown -->
      </class> <!-- com.ditto.tests.HealthInsurancePremiumCalculationTest -->
    </test> <!-- Default test -->
  </suite> <!-- Default suite -->
</testng-results>
