<?xml version="1.0" encoding="UTF-8"?>
<!-- Generated by org.testng.reporters.JUnitReportReporter -->
<testsuite hostname="Saravanan" failures="0" tests="1" name="com.ditto.tests.HealthInsurancePremiumCalculationTest" time="17.835" errors="0" timestamp="2026-03-03T18:26:36 IST" skipped="0">
  <testcase classname="com.ditto.tests.HealthInsurancePremiumCalculationTest" name="validatePremiumCalculationTest" time="17.835"/>
</testsuite> <!-- com.ditto.tests.HealthInsurancePremiumCalculationTest -->
